[+] Containers:
 |- [+] Container: /Game/ThirdPerson/Maps/BattleMap
 |   |- [+] ActorDescs:
 |   |   |- Guid:10D5902E4804A08D56BBD0BCA16C860B BaseClass: NativeClass:/Script/Engine.StaticMeshActor Name:StaticMeshActor_UAID_E4A8DFE746A044B801_1998041453 Label:SM_Ramp34 SpatiallyLoaded:1 Bounds:IsValid=true, Min=(X=600.000 Y=1100.000 Z=100.000), Max=(X=900.000 Y=1400.000 Z=300.000) RuntimeGrid:None EditorOnly:0 RuntimeOnly:0 HLODRelevant:1
 |   |   |- Guid:11983C644D236C6B94908083F3E766C8 BaseClass: NativeClass:/Script/Engine.StaticMeshActor Name:StaticMeshActor_UAID_E4A8DFE746A0ADB601_1224502811 Label:SM_Ramp10 SpatiallyLoaded:1 Bounds:IsValid=true, Min=(X=1600.000 Y=2900.000 Z=0.000), Max=(X=1700.000 Y=3100.000 Z=100.000) RuntimeGrid:None EditorOnly:0 RuntimeOnly:0 HLODRelevant:1
 |   |   |- Guid:1273C7724F150D8B49742DB12CF6FB64 BaseClass: NativeClass:/Script/Engine.StaticMeshActor Name:StaticMeshActor_UAID_E4A8DFE746A0ADB601_1129542805 Label:SM_Ramp4 SpatiallyLoaded:1 Bounds:IsValid=true, Min=(X=800.000 Y=2300.000 Z=0.000), Max=(X=1000.000 Y=2400.000 Z=100.000) RuntimeGrid:None EditorOnly:0 RuntimeOnly:0 HLODRelevant:1
 |   |   |- Guid:12FBC3F04CFD954073EC0CACE3C7F305 BaseClass: NativeClass:/Script/Engine.StaticMeshActor Name:StaticMeshActor_UAID_E4A8DFE746A044B801_1853373451 Label:SM_Ramp33 SpatiallyLoaded:1 Bounds:IsValid=true, Min=(X=1800.000 Y=600.000 Z=0.000), Max=(X=2300.000 Y=1100.000 Z=100.000) RuntimeGrid:None EditorOnly:0 RuntimeOnly:0 HLODRelevant:1
 |   |   |- Guid:141CFEB64CEB05B5F9A5C4826BD44C67 BaseClass: NativeClass:/Script/Engine.StaticMeshActor Name:StaticMeshActor_UAID_E4A8DFE746A0ADB601_1461189831 Label:SM_QuarterCylinder3 SpatiallyLoaded:1 Bounds:IsValid=true, Min=(X=1400.000 Y=2250.000 Z=100.000), Max=(X=1450.000 Y=2300.000 Z=200.000) RuntimeGrid:None EditorOnly:0 RuntimeOnly:0 HLODRelevant:1
 |   |   |- Guid:290781F942FDDA790304B5B163E824BD BaseClass: NativeClass:/Script/Engine.StaticMeshActor Name:StaticMeshActor_UAID_E4A8DFE746A0ADB601_1275238818 Label:SM_Ramp17 SpatiallyLoaded:1 Bounds:IsValid=true, Min=(X=2000.000 Y=2500.000 Z=0.000), Max=(X=2200.000 Y=2600.000 Z=100.000) RuntimeGrid:None EditorOnly:0 RuntimeOnly:0 HLODRelevant:1
 |   |   |- Guid:29BF448B4EC0C618B304C7B7C9560AA6 BaseClass: NativeClass:/Script/Engine.StaticMeshActor Name:StaticMeshActor_UAID_E4A8DFE746A0ADB601_1340110824 Label:SM_Ramp23 SpatiallyLoaded:1 Bounds:IsValid=true, Min=(X=1600.000 Y=1700.000 Z=0.000), Max=(X=1700.000 Y=1900.000 Z=100.000) RuntimeGrid:None EditorOnly:0 RuntimeOnly:0 HLODRelevant:1
 |   |   |- Guid:2E7BC0BB4786D459538780801EBA9AC7 BaseClass: NativeClass:/Script/Engine.StaticMeshActor Name:StaticMeshActor_UAID_E4A8DFE746A044B801_1652053447 Label:SM_QuarterCylinder10 SpatiallyLoaded:1 Bounds:IsValid=true, Min=(X=750.000 Y=1800.000 Z=100.000), Max=(X=800.000 Y=1850.000 Z=200.000) RuntimeGrid:None EditorOnly:0 RuntimeOnly:0 HLODRelevant:1
 |   |   |- Guid:3887AEA74FE4F7DDF2BA84B54FAF11BC BaseClass: NativeClass:/Script/Engine.StaticMeshActor Name:StaticMeshActor_UAID_E4A8DFE746A044B801_1821657450 Label:SM_Ramp32 SpatiallyLoaded:1 Bounds:IsValid=true, Min=(X=1800.000 Y=1100.000 Z=-0.000), Max=(X=2300.000 Y=1600.000 Z=100.000) RuntimeGrid:None EditorOnly:0 RuntimeOnly:0 HLODRelevant:1
 |   |   |- Guid:3ED3B4A0476504E4A4B7C3BFB60C4936 BaseClass: NativeClass:/Script/Engine.StaticMeshActor Name:StaticMeshActor_UAID_E4A8DFE746A0ADB601_1337473823 Label:SM_Ramp22 SpatiallyLoaded:1 Bounds:IsValid=true, Min=(X=1300.000 Y=1700.000 Z=0.000), Max=(X=1400.000 Y=1900.000 Z=100.000) RuntimeGrid:None EditorOnly:0 RuntimeOnly:0 HLODRelevant:1
 |   |   |- Guid:4084CC084A0AD3456EB91C8416B9BDDC BaseClass: NativeClass:/Script/Engine.StaticMeshActor Name:StaticMeshActor_UAID_E4A8DFE746A0ADB601_1405565828 Label:SM_QuarterCylinder SpatiallyLoaded:1 Bounds:IsValid=true, Min=(X=1550.000 Y=2500.000 Z=100.000), Max=(X=1600.000 Y=2550.000 Z=200.000) RuntimeGrid:None EditorOnly:0 RuntimeOnly:0 HLODRelevant:1
 |   |   |- Guid:4DEC44814FC691C1F061638374B579F9 BaseClass: NativeClass:/Script/Engine.DirectionalLight Name:DirectionalLight_0 Label:DirectionalLight SpatiallyLoaded:0 Bounds:IsValid=true, Min=(X=-4398046511104.000 Y=-4398046511104.000 Z=-4398046511104.000), Max=(X=4398046511104.000 Y=4398046511104.000 Z=4398046511104.000) RuntimeGrid:None EditorOnly:0 RuntimeOnly:0 HLODRelevant:0 FolderPath:Lighting FolderGuid:963EC3EB4002CCE9759E2EBA541A873A
 |   |   |- Guid:5224609C4192EAEAE1A7E7B30500AE84 BaseClass: NativeClass:/Script/Engine.StaticMeshActor Name:StaticMeshActor_UAID_E4A8DFE746A044B801_1527395442 Label:SM_Ramp29 SpatiallyLoaded:1 Bounds:IsValid=true, Min=(X=1000.000 Y=1300.000 Z=-0.000), Max=(X=1100.000 Y=1600.000 Z=100.000) RuntimeGrid:None EditorOnly:0 RuntimeOnly:0 HLODRelevant:1
 |   |   |- Guid:64984CCC464D279D81DF6C91A7BBBE37 BaseClass: NativeClass:/Script/NavigationSystem.RecastNavMesh Name:RecastNavMesh_UAID_106530155DE288AA01-Default Label:RecastNavMesh-Default SpatiallyLoaded:0 Bounds:IsValid=true, Min=(X=0.000 Y=0.000 Z=0.000), Max=(X=0.000 Y=0.000 Z=0.000) RuntimeGrid:None EditorOnly:0 RuntimeOnly:0 HLODRelevant:0 FolderPath:UnrealStartingMapStuff FolderGuid:534B944647FE8877220D61BE1BB72DF6
 |   |   |- Guid:6862B15A47C1558EFF536E9FE21AF468 BaseClass: NativeClass:/Script/Engine.StaticMeshActor Name:StaticMeshActor_UAID_E4A8DFE746A0ADB601_1285142819 Label:SM_Ramp18 SpatiallyLoaded:1 Bounds:IsValid=true, Min=(X=2000.000 Y=2100.000 Z=0.000), Max=(X=2200.000 Y=2200.000 Z=100.000) RuntimeGrid:None EditorOnly:0 RuntimeOnly:0 HLODRelevant:1
 |   |   |- Guid:6C4DCD3046DB8AF9AC4CFDA6DE6B240B BaseClass: NativeClass:/Script/Engine.StaticMeshActor Name:StaticMeshActor_UAID_E4A8DFE746A044B801_1697164448 Label:SM_Ramp30 SpatiallyLoaded:1 Bounds:IsValid=true, Min=(X=600.000 Y=1800.000 Z=100.000), Max=(X=700.000 Y=1900.000 Z=200.000) RuntimeGrid:None EditorOnly:0 RuntimeOnly:0 HLODRelevant:1
 |   |   |- Guid:7300D8F24635F907A2612DA6BE2C3EE8 BaseClass: NativeClass:/Script/Engine.StaticMeshActor Name:StaticMeshActor_UAID_E4A8DFE746A0ADB601_1255756815 Label:SM_Ramp14 SpatiallyLoaded:1 Bounds:IsValid=true, Min=(X=2000.000 Y=2200.000 Z=0.000), Max=(X=2200.000 Y=2300.000 Z=100.000) RuntimeGrid:None EditorOnly:0 RuntimeOnly:0 HLODRelevant:1
 |   |   |- Guid:748EA66C4B1F90209FB1D6A31DAE4772 BaseClass: NativeClass:/Script/Engine.StaticMeshActor Name:StaticMeshActor_UAID_E4A8DFE746A044B801_2057666454 Label:SM_Cube12 SpatiallyLoaded:1 Bounds:IsValid=true, Min=(X=600.000 Y=700.000 Z=200.000), Max=(X=900.000 Y=1100.000 Z=300.000) RuntimeGrid:None EditorOnly:0 RuntimeOnly:0 HLODRelevant:1
 |   |   |- Guid:74B3A4264255A488406BDCB6D568BB79 BaseClass: NativeClass:/Script/Engine.StaticMeshActor Name:StaticMeshActor_UAID_E4A8DFE746A043B801_2111208255 Label:SM_Cube6 SpatiallyLoaded:1 Bounds:IsValid=true, Min=(X=500.000 Y=1100.000 Z=0.000), Max=(X=1000.000 Y=2000.000 Z=100.000) RuntimeGrid:None EditorOnly:0 RuntimeOnly:0 HLODRelevant:1
 |   |   |- Guid:78473FAC473E0FBAD730B7A4F058B083 BaseClass: NativeClass:/Script/Engine.VolumetricCloud Name:VolumetricCloud_0 Label:VolumetricCloud SpatiallyLoaded:0 Bounds:IsValid=true, Min=(X=0.000 Y=0.000 Z=820.000), Max=(X=0.000 Y=0.000 Z=820.000) RuntimeGrid:None EditorOnly:0 RuntimeOnly:0 HLODRelevant:0 FolderPath:Lighting FolderGuid:963EC3EB4002CCE9759E2EBA541A873A
 |   |   |- Guid:787CFDD24B7DD7D38235AFA2F55DE3B4 BaseClass: NativeClass:/Script/Engine.StaticMeshActor Name:StaticMeshActor_UAID_E4A8DFE746A044B801_1907476452 Label:SM_Cube11 SpatiallyLoaded:1 Bounds:IsValid=true, Min=(X=500.000 Y=200.000 Z=0.000), Max=(X=1000.000 Y=700.000 Z=100.000) RuntimeGrid:None EditorOnly:0 RuntimeOnly:0 HLODRelevant:1
 |   |   |- Guid:7A68770C4C474FD24069E193FC5338E6 BaseClass: NativeClass:/Script/Engine.StaticMeshActor Name:StaticMeshActor_UAID_E4A8DFE746A0ADB601_1312897821 Label:SM_Ramp20 SpatiallyLoaded:1 Bounds:IsValid=true, Min=(X=1400.000 Y=1700.000 Z=0.000), Max=(X=1500.000 Y=1900.000 Z=100.000) RuntimeGrid:None EditorOnly:0 RuntimeOnly:0 HLODRelevant:1
 |   |   |- Guid:7C3359F64507E848431897A54E10E1A7 BaseClass: NativeClass:/Script/Engine.StaticMeshActor Name:StaticMeshActor_UAID_E4A8DFE746A0ADB601_1330594822 Label:SM_Ramp21 SpatiallyLoaded:1 Bounds:IsValid=true, Min=(X=1500.000 Y=1700.000 Z=0.000), Max=(X=1600.000 Y=1900.000 Z=100.000) RuntimeGrid:None EditorOnly:0 RuntimeOnly:0 HLODRelevant:1
 |   |   |- Guid:7DC5A92D476AF928D5C8089D5F92E190 BaseClass: NativeClass:/Script/Engine.StaticMeshActor Name:StaticMeshActor_UAID_E4A8DFE746A0ADB601_1515169834 Label:SM_Cube5 SpatiallyLoaded:1 Bounds:IsValid=true, Min=(X=1450.000 Y=2500.000 Z=100.000), Max=(X=1550.000 Y=2550.000 Z=200.000) RuntimeGrid:None EditorOnly:0 RuntimeOnly:0 HLODRelevant:1
 |   |   |- Guid:7DD4745F497983A5A5B26AA723ADC50C BaseClass: NativeClass:/Script/Engine.StaticMeshActor Name:StaticMeshActor_UAID_E4A8DFE746A0ADB601_1234765813 Label:SM_Ramp12 SpatiallyLoaded:1 Bounds:IsValid=true, Min=(X=1200.000 Y=2900.000 Z=0.000), Max=(X=1300.000 Y=3100.000 Z=100.000) RuntimeGrid:None EditorOnly:0 RuntimeOnly:0 HLODRelevant:1
 |   |   |- Guid:7DF2B9F24349B7596D83808247819CBF BaseClass: NativeClass:/Script/Engine.SkyAtmosphere Name:SkyAtmosphere_0 Label:SkyAtmosphere SpatiallyLoaded:0 Bounds:IsValid=true, Min=(X=0.000 Y=0.000 Z=1020.000), Max=(X=0.000 Y=0.000 Z=1020.000) RuntimeGrid:None EditorOnly:0 RuntimeOnly:0 HLODRelevant:0 FolderPath:Lighting FolderGuid:963EC3EB4002CCE9759E2EBA541A873A
 |   |   |- Guid:7E403DDB415361B437F4BF9E236E4573 BaseClass: NativeClass:/Script/Engine.StaticMeshActor Name:StaticMeshActor_UAID_E4A8DFE746A0ADB601_1248333814 Label:SM_Ramp13 SpatiallyLoaded:1 Bounds:IsValid=true, Min=(X=1700.000 Y=2900.000 Z=0.000), Max=(X=1800.000 Y=3100.000 Z=100.000) RuntimeGrid:None EditorOnly:0 RuntimeOnly:0 HLODRelevant:1
 |   |   |- Guid:806C29B44F50114016053DBF98AD7D60 BaseClass: NativeClass:/Script/Engine.WorldDataLayers Name:WorldDataLayers Label:WorldDataLayers SpatiallyLoaded:0 Bounds:IsValid=true, Min=(X=0.000 Y=0.000 Z=0.000), Max=(X=0.000 Y=0.000 Z=0.000) RuntimeGrid:None EditorOnly:0 RuntimeOnly:0 HLODRelevant:0 FolderPath:UnrealStartingMapStuff FolderGuid:534B944647FE8877220D61BE1BB72DF6
 |   |   |- Guid:825A40C14FE4E63171BD4D85A817B8FF BaseClass: NativeClass:/Script/Engine.StaticMeshActor Name:StaticMeshActor_UAID_E4A8DFE746A0ACB601_2130505627 Label:SM_Ramp3 SpatiallyLoaded:1 Bounds:IsValid=true, Min=(X=800.000 Y=2200.000 Z=0.000), Max=(X=1000.000 Y=2300.000 Z=100.000) RuntimeGrid:None EditorOnly:0 RuntimeOnly:0 HLODRelevant:1
 |   |   |- Guid:876F211344EDFE742936DD8104FD9AC3 BaseClass: NativeClass:/Script/Engine.StaticMeshActor Name:StaticMeshActor_1 Label:SM_Cube SpatiallyLoaded:1 Bounds:IsValid=true, Min=(X=0.000 Y=0.000 Z=-50.000), Max=(X=3000.000 Y=3500.000 Z=0.000) RuntimeGrid:None EditorOnly:0 RuntimeOnly:0 HLODRelevant:1 FolderPath:Playground FolderGuid:C73F09FC4215536B1DCE2A9E0A830C70
 |   |   |- Guid:8D2BDD05454766C76C2C72B0518E46ED BaseClass: NativeClass:/Script/NavigationSystem.NavMeshBoundsVolume Name:NavMeshBoundsVolume_UAID_106530155DE288AA01_1972561616 Label:NavMeshBoundsVolume SpatiallyLoaded:0 Bounds:IsValid=true, Min=(X=-1555.000 Y=-1200.000 Z=-2950.000), Max=(X=4445.000 Y=4800.000 Z=3050.000) RuntimeGrid:None EditorOnly:0 RuntimeOnly:0 HLODRelevant:0 FolderPath:UnrealStartingMapStuff FolderGuid:534B944647FE8877220D61BE1BB72DF6
 |   |   |- Guid:937AC86644B465C68CF3E69EA96AC2C9 BaseClass: NativeClass:/Script/Engine.StaticMeshActor Name:StaticMeshActor_UAID_E4A8DFE746A0ADB601_1269017816 Label:SM_Ramp15 SpatiallyLoaded:1 Bounds:IsValid=true, Min=(X=2000.000 Y=2300.000 Z=0.000), Max=(X=2200.000 Y=2400.000 Z=100.000) RuntimeGrid:None EditorOnly:0 RuntimeOnly:0 HLODRelevant:1
 |   |   |- Guid:93823D25440012BB2C3FCBB9A4E9F641 BaseClass: NativeClass:/Script/Engine.SkyLight Name:SkyLight_1 Label:SkyLight SpatiallyLoaded:0 Bounds:IsValid=true, Min=(X=0.000 Y=0.000 Z=690.000), Max=(X=0.000 Y=0.000 Z=690.000) RuntimeGrid:None EditorOnly:0 RuntimeOnly:0 HLODRelevant:0 FolderPath:Lighting FolderGuid:963EC3EB4002CCE9759E2EBA541A873A
 |   |   |- Guid:944AC08349042BB91594279B9345EE09 BaseClass: NativeClass:/Script/Engine.StaticMeshActor Name:StaticMeshActor_UAID_E4A8DFE746A044B801_1508376441 Label:SM_Ramp2 SpatiallyLoaded:1 Bounds:IsValid=true, Min=(X=1100.000 Y=1600.000 Z=0.000), Max=(X=1200.000 Y=1900.000 Z=100.000) RuntimeGrid:None EditorOnly:0 RuntimeOnly:0 HLODRelevant:1
 |   |   |- Guid:96ABB62D4CD969E8D0FEBB9DB6654338 BaseClass: NativeClass:/Script/Engine.StaticMeshActor Name:StaticMeshActor_UAID_E4A8DFE746A044B801_1192255434 Label:SM_Ramp26 SpatiallyLoaded:1 Bounds:IsValid=true, Min=(X=700.000 Y=2000.000 Z=0.000), Max=(X=800.000 Y=2200.000 Z=100.000) RuntimeGrid:None EditorOnly:0 RuntimeOnly:0 HLODRelevant:1
 |   |   |- Guid:9755BC574597BD846CDB6D9E98564116 BaseClass: NativeClass:/Script/Engine.StaticMeshActor Name:StaticMeshActor_UAID_E4A8DFE746A0ADB601_1473012832 Label:SM_QuarterCylinder4 SpatiallyLoaded:1 Bounds:IsValid=true, Min=(X=1550.000 Y=2250.000 Z=100.000), Max=(X=1600.000 Y=2300.000 Z=200.000) RuntimeGrid:None EditorOnly:0 RuntimeOnly:0 HLODRelevant:1
 |   |   |- Guid:9949E017466F35A7C816D088D592AA43 BaseClass: NativeClass:/Script/Engine.StaticMeshActor Name:StaticMeshActor_UAID_E4A8DFE746A0ADB601_1373780827 Label:SM_Cube3 SpatiallyLoaded:1 Bounds:IsValid=true, Min=(X=1400.000 Y=2300.000 Z=100.000), Max=(X=1600.000 Y=2500.000 Z=200.000) RuntimeGrid:None EditorOnly:0 RuntimeOnly:0 HLODRelevant:1
 |   |   |- Guid:9CA48E7E4ECA5BF090EE93B3198AA584 BaseClass: NativeClass:/Script/Engine.StaticMeshActor Name:StaticMeshActor_UAID_E4A8DFE746A0ADB601_1345898825 Label:SM_Ramp24 SpatiallyLoaded:1 Bounds:IsValid=true, Min=(X=1700.000 Y=1700.000 Z=0.000), Max=(X=1800.000 Y=1900.000 Z=100.000) RuntimeGrid:None EditorOnly:0 RuntimeOnly:0 HLODRelevant:1
 |   |   |- Guid:9D06F71847F7B47B3767FB89F6736879 BaseClass: NativeClass:/Script/Engine.StaticMeshActor Name:StaticMeshActor_UAID_E4A8DFE746A0ADB601_1141457806 Label:SM_Ramp5 SpatiallyLoaded:1 Bounds:IsValid=true, Min=(X=800.000 Y=2400.000 Z=0.000), Max=(X=1000.000 Y=2500.000 Z=100.000) RuntimeGrid:None EditorOnly:0 RuntimeOnly:0 HLODRelevant:1
 |   |   |- Guid:A1A85CF743D63D5BF8AE96A35B249903 BaseClass: NativeClass:/Script/Engine.StaticMeshActor Name:StaticMeshActor_UAID_E4A8DFE746A044B801_1488412440 Label:SM_Cube9 SpatiallyLoaded:1 Bounds:IsValid=true, Min=(X=400.000 Y=1300.000 Z=0.000), Max=(X=500.000 Y=1400.000 Z=100.000) RuntimeGrid:None EditorOnly:0 RuntimeOnly:0 HLODRelevant:1
 |   |   |- Guid:A3594E1E44FA183EDD0FD1BD2E5DDF06 BaseClass: NativeClass:/Script/Engine.PostProcessVolume Name:PostProcessVolume_0 Label:PostProcessVolume SpatiallyLoaded:0 Bounds:IsValid=true, Min=(X=0.000 Y=0.000 Z=400.000), Max=(X=200.000 Y=200.000 Z=600.000) RuntimeGrid:None EditorOnly:0 RuntimeOnly:0 HLODRelevant:0 FolderPath:Lighting FolderGuid:963EC3EB4002CCE9759E2EBA541A873A
 |   |   |- Guid:A5662E1241697A555A92EA8BD64AE4A5 BaseClass: NativeClass:/Script/Engine.StaticMeshActor Name:StaticMeshActor_UAID_E4A8DFE746A044B801_1652050446 Label:SM_QuarterCylinder9 SpatiallyLoaded:1 Bounds:IsValid=true, Min=(X=700.000 Y=1800.000 Z=100.000), Max=(X=750.000 Y=1850.000 Z=200.000) RuntimeGrid:None EditorOnly:0 RuntimeOnly:0 HLODRelevant:1
 |   |   |- Guid:A60A9B6144E83E47260D76A8093BE70A BaseClass: NativeClass:/Script/Engine.TextRenderActor Name:TextRenderActor_1 Label:TextRenderActor SpatiallyLoaded:1 Bounds:IsValid=true, Min=(X=-0.100 Y=1100.000 Z=65.013), Max=(X=-0.100 Y=2392.308 Z=215.013) RuntimeGrid:None EditorOnly:0 RuntimeOnly:0 HLODRelevant:0 FolderPath:UnrealStartingMapStuff FolderGuid:534B944647FE8877220D61BE1BB72DF6
 |   |   |- Guid:A86C7D124F052B182F73118E80332825 BaseClass: NativeClass:/Script/Engine.StaticMeshActor Name:StaticMeshActor_UAID_E4A8DFE746A044B801_1216922436 Label:SM_Ramp28 SpatiallyLoaded:1 Bounds:IsValid=true, Min=(X=500.000 Y=2000.000 Z=0.000), Max=(X=600.000 Y=2200.000 Z=100.000) RuntimeGrid:None EditorOnly:0 RuntimeOnly:0 HLODRelevant:1
 |   |   |- Guid:B010DDBC4264E6B3810D43AD7E974D1A BaseClass: NativeClass:/Script/Engine.StaticMeshActor Name:StaticMeshActor_UAID_E4A8DFE746A044B801_1451680439 Label:SM_QuarterCylinder6 SpatiallyLoaded:1 Bounds:IsValid=true, Min=(X=400.000 Y=1200.000 Z=0.000), Max=(X=500.000 Y=1300.000 Z=100.000) RuntimeGrid:None EditorOnly:0 RuntimeOnly:0 HLODRelevant:1
 |   |   |- Guid:B805909F4A7758A295A452B3064AE7AD BaseClass: NativeClass:/Script/Engine.StaticMeshActor Name:StaticMeshActor_UAID_E4A8DFE746A0ADB601_1229036812 Label:SM_Ramp11 SpatiallyLoaded:1 Bounds:IsValid=true, Min=(X=1300.000 Y=2900.000 Z=0.000), Max=(X=1400.000 Y=3100.000 Z=100.000) RuntimeGrid:None EditorOnly:0 RuntimeOnly:0 HLODRelevant:1
 |   |   |- Guid:BD65C4354DF4051FB966F5925673E68E BaseClass: NativeClass:/Script/Engine.StaticMeshActor Name:StaticMeshActor_UAID_E4A8DFE746A0ADB601_1348815826 Label:SM_Ramp25 SpatiallyLoaded:1 Bounds:IsValid=true, Min=(X=1200.000 Y=1700.000 Z=0.000), Max=(X=1300.000 Y=1900.000 Z=100.000) RuntimeGrid:None EditorOnly:0 RuntimeOnly:0 HLODRelevant:1
 |   |   |- Guid:C167272B4427A5F2FD7FC2B4C95404E5 BaseClass: NativeClass:/Script/Engine.ExponentialHeightFog Name:ExponentialHeightFog_0 Label:ExponentialHeightFog SpatiallyLoaded:0 Bounds:IsValid=true, Min=(X=-5600.000 Y=-50.000 Z=-6850.000), Max=(X=-5600.000 Y=-50.000 Z=-6850.000) RuntimeGrid:None EditorOnly:0 RuntimeOnly:0 HLODRelevant:0 FolderPath:Lighting FolderGuid:963EC3EB4002CCE9759E2EBA541A873A
 |   |   |- Guid:C3665D3D4EF59AC31022EBABC9DAC3D9 BaseClass: NativeClass:/Script/Engine.StaticMeshActor Name:StaticMeshActor_UAID_E4A8DFE746A044B801_1144660432 Label:SM_Cube7 SpatiallyLoaded:1 Bounds:IsValid=true, Min=(X=1000.000 Y=1600.000 Z=0.000), Max=(X=1100.000 Y=1900.000 Z=100.000) RuntimeGrid:None EditorOnly:0 RuntimeOnly:0 HLODRelevant:1
 |   |   |- Guid:C41B2ADC46809728D455808693D9DA5B BaseClass: NativeClass:/Script/Engine.StaticMeshActor Name:StaticMeshActor_UAID_E4A8DFE746A044B801_1319138437 Label:SM_Ramp SpatiallyLoaded:1 Bounds:IsValid=true, Min=(X=200.000 Y=1400.000 Z=0.000), Max=(X=500.000 Y=1900.000 Z=100.000) RuntimeGrid:None EditorOnly:0 RuntimeOnly:0 HLODRelevant:1
 |   |   |- Guid:C6AD36EB4A504870D35FA4BF41EAE353 BaseClass: NativeClass:/Script/Engine.StaticMeshActor Name:StaticMeshActor_UAID_E4A8DFE746A0ADB601_1487671833 Label:SM_Cube4 SpatiallyLoaded:1 Bounds:IsValid=true, Min=(X=1450.000 Y=2250.000 Z=100.000), Max=(X=1550.000 Y=2300.000 Z=200.000) RuntimeGrid:None EditorOnly:0 RuntimeOnly:0 HLODRelevant:1
 |   |   |- Guid:C6B5725C45B298752405459E1A21DB51 BaseClass: NativeClass:/Script/Engine.StaticMeshActor Name:StaticMeshActor_UAID_A4AE111137DC5EFB00_1110535423 Label:SM_SkySphere SpatiallyLoaded:0 Bounds:IsValid=true, Min=(X=-1638400.000 Y=-1638400.000 Z=-1638400.000), Max=(X=1638400.000 Y=1638400.000 Z=1638400.000) RuntimeGrid:None EditorOnly:0 RuntimeOnly:0 HLODRelevant:1 FolderPath:Lighting FolderGuid:963EC3EB4002CCE9759E2EBA541A873A
 |   |   |- Guid:C9F208644AF1AB67235959878956E0AA BaseClass: NativeClass:/Script/Engine.PlayerStart Name:PlayerStart_0 Label:PlayerStart SpatiallyLoaded:0 Bounds:IsValid=true, Min=(X=860.000 Y=1070.000 Z=0.013), Max=(X=940.000 Y=1150.000 Z=184.013) RuntimeGrid:None EditorOnly:0 RuntimeOnly:0 HLODRelevant:0 FolderPath:UnrealStartingMapStuff FolderGuid:534B944647FE8877220D61BE1BB72DF6
 |   |   |- Guid:CE015E2E4FBB83F48B1DD3BC7EF4811B BaseClass: NativeClass:/Script/Engine.StaticMeshActor Name:StaticMeshActor_UAID_E4A8DFE746A0ADB601_1150358808 Label:SM_Ramp7 SpatiallyLoaded:1 Bounds:IsValid=true, Min=(X=900.000 Y=2600.000 Z=0.000), Max=(X=1000.000 Y=2700.000 Z=100.000) RuntimeGrid:None EditorOnly:0 RuntimeOnly:0 HLODRelevant:1
 |   |   |- Guid:D3A97CEE4BC1A4C4E94220A11F3030D9 BaseClass: NativeClass:/Script/Engine.StaticMeshActor Name:StaticMeshActor_UAID_E4A8DFE746A044B801_1707839449 Label:SM_Ramp31 SpatiallyLoaded:1 Bounds:IsValid=true, Min=(X=600.000 Y=1700.000 Z=100.000), Max=(X=700.000 Y=1800.000 Z=200.000) RuntimeGrid:None EditorOnly:0 RuntimeOnly:0 HLODRelevant:1
 |   |   |- Guid:D3AAD7F6408D6C97E0D8F69BD006BBEF BaseClass: NativeClass:/Script/Engine.StaticMeshActor Name:StaticMeshActor_UAID_E4A8DFE746A0ADB601_1204296809 Label:SM_Ramp8 SpatiallyLoaded:1 Bounds:IsValid=true, Min=(X=1400.000 Y=2900.000 Z=0.000), Max=(X=1500.000 Y=3100.000 Z=100.000) RuntimeGrid:None EditorOnly:0 RuntimeOnly:0 HLODRelevant:1
 |   |   |- Guid:D62D151543A368FEA81FCEBA63D3369B BaseClass: NativeClass:/Script/Engine.StaticMeshActor Name:StaticMeshActor_UAID_E4A8DFE746A0ADB601_1303747820 Label:SM_Ramp19 SpatiallyLoaded:1 Bounds:IsValid=true, Min=(X=2000.000 Y=2600.000 Z=0.000), Max=(X=2200.000 Y=2700.000 Z=100.000) RuntimeGrid:None EditorOnly:0 RuntimeOnly:0 HLODRelevant:1
 |   |   |- Guid:D96540E14375B50692B1B78B2ADBDFA8 BaseClass: NativeClass:/Script/Engine.StaticMeshActor Name:StaticMeshActor_UAID_E4A8DFE746A0ADB601_1272182817 Label:SM_Ramp16 SpatiallyLoaded:1 Bounds:IsValid=true, Min=(X=2000.000 Y=2400.000 Z=0.000), Max=(X=2200.000 Y=2500.000 Z=100.000) RuntimeGrid:None EditorOnly:0 RuntimeOnly:0 HLODRelevant:1
 |   |   |- Guid:DBE85F4743CA8A9EF6DBC1A1B57E16C2 BaseClass: NativeClass:/Script/Engine.StaticMeshActor Name:StaticMeshActor_UAID_E4A8DFE746A044B801_1397256438 Label:SM_QuarterCylinder5 SpatiallyLoaded:1 Bounds:IsValid=true, Min=(X=450.000 Y=1900.000 Z=0.000), Max=(X=500.000 Y=2000.000 Z=100.000) RuntimeGrid:None EditorOnly:0 RuntimeOnly:0 HLODRelevant:1
 |   |   |- Guid:E22F161E45070E0F8F1C4384A8260EBF BaseClass: NativeClass:/Script/Engine.StaticMeshActor Name:StaticMeshActor_UAID_E4A8DFE746A0ADB601_1221020810 Label:SM_Ramp9 SpatiallyLoaded:1 Bounds:IsValid=true, Min=(X=1500.000 Y=2900.000 Z=0.000), Max=(X=1600.000 Y=3100.000 Z=100.000) RuntimeGrid:None EditorOnly:0 RuntimeOnly:0 HLODRelevant:1
 |   |   |- Guid:E4C7FA934FD3AAACF3C3CB9699003E07 BaseClass: NativeClass:/Script/Engine.StaticMeshActor Name:StaticMeshActor_UAID_E4A8DFE746A044B801_1211649435 Label:SM_Ramp27 SpatiallyLoaded:1 Bounds:IsValid=true, Min=(X=600.000 Y=2000.000 Z=0.000), Max=(X=700.000 Y=2200.000 Z=100.000) RuntimeGrid:None EditorOnly:0 RuntimeOnly:0 HLODRelevant:1
 |   |   |- Guid:EDD953E8440E15F9D13C53B3B3197C3F BaseClass: NativeClass:/Script/Engine.StaticMeshActor Name:StaticMeshActor_UAID_E4A8DFE746A044B801_2117467455 Label:SM_Ramp35 SpatiallyLoaded:1 Bounds:IsValid=true, Min=(X=600.000 Y=400.000 Z=100.000), Max=(X=900.000 Y=700.000 Z=300.000) RuntimeGrid:None EditorOnly:0 RuntimeOnly:0 HLODRelevant:1
 |   |   |- Guid:EFC112754E93359BA9364981C5580AAE BaseClass: NativeClass:/Script/Engine.StaticMeshActor Name:StaticMeshActor_UAID_E4A8DFE746A0ADB601_1425202829 Label:SM_QuarterCylinder2 SpatiallyLoaded:1 Bounds:IsValid=true, Min=(X=1400.000 Y=2500.000 Z=100.000), Max=(X=1450.000 Y=2550.000 Z=200.000) RuntimeGrid:None EditorOnly:0 RuntimeOnly:0 HLODRelevant:1
 |   |   |- Guid:F8D37993403AAD750F5078A0A0F1033D BaseClass: NativeClass:/Script/Engine.StaticMeshActor Name:StaticMeshActor_UAID_E4A8DFE746A044B801_1168767433 Label:SM_Cube8 SpatiallyLoaded:1 Bounds:IsValid=true, Min=(X=800.000 Y=2000.000 Z=0.000), Max=(X=1000.000 Y=2200.000 Z=100.000) RuntimeGrid:None EditorOnly:0 RuntimeOnly:0 HLODRelevant:1
 |   |   |- Guid:F9960F5A4DFF9DAB499AB8832F0E6FF9 BaseClass: NativeClass:/Script/Engine.StaticMeshActor Name:StaticMeshActor_UAID_E4A8DFE746A044B801_1550608443 Label:SM_Cube10 SpatiallyLoaded:1 Bounds:IsValid=true, Min=(X=700.000 Y=1700.000 Z=100.000), Max=(X=800.000 Y=2200.000 Z=200.000) RuntimeGrid:None EditorOnly:0 RuntimeOnly:0 HLODRelevant:1
 |   |   |- Guid:FBDFEB07472D913A00B5C9A60DCC0201 BaseClass: NativeClass:/Script/Engine.StaticMeshActor Name:StaticMeshActor_UAID_E4A8DFE746A0ACB601_1754499623 Label:SM_Cube2 SpatiallyLoaded:1 Bounds:IsValid=true, Min=(X=1000.000 Y=1900.000 Z=0.000), Max=(X=2000.000 Y=2900.000 Z=100.000) RuntimeGrid:None EditorOnly:0 RuntimeOnly:0 HLODRelevant:1
 |   |   |- Guid:FD1C5D6E42274354B2CD178DB763A740 BaseClass: NativeClass:/Script/Engine.StaticMeshActor Name:StaticMeshActor_UAID_E4A8DFE746A0ADB601_1145544807 Label:SM_Ramp6 SpatiallyLoaded:1 Bounds:IsValid=true, Min=(X=800.000 Y=2500.000 Z=0.000), Max=(X=1000.000 Y=2600.000 Z=100.000) RuntimeGrid:None EditorOnly:0 RuntimeOnly:0 HLODRelevant:1
 |   |- [+] Clusters:
 |   |   |- [+] [  0]
 |   |   |   |- Guid:3ED3B4A0476504E4A4B7C3BFB60C4936 BaseClass: NativeClass:/Script/Engine.StaticMeshActor Name:StaticMeshActor_UAID_E4A8DFE746A0ADB601_1337473823 Label:SM_Ramp22 SpatiallyLoaded:1 Bounds:IsValid=true, Min=(X=1300.000 Y=1700.000 Z=0.000), Max=(X=1400.000 Y=1900.000 Z=100.000) RuntimeGrid:None EditorOnly:0 RuntimeOnly:0 HLODRelevant:1
 |   |   |- [+] [  1]
 |   |   |   |- Guid:A60A9B6144E83E47260D76A8093BE70A BaseClass: NativeClass:/Script/Engine.TextRenderActor Name:TextRenderActor_1 Label:TextRenderActor SpatiallyLoaded:1 Bounds:IsValid=true, Min=(X=-0.100 Y=1100.000 Z=65.013), Max=(X=-0.100 Y=2392.308 Z=215.013) RuntimeGrid:None EditorOnly:0 RuntimeOnly:0 HLODRelevant:0 FolderPath:UnrealStartingMapStuff FolderGuid:534B944647FE8877220D61BE1BB72DF6
 |   |   |- [+] [  2]
 |   |   |   |- Guid:806C29B44F50114016053DBF98AD7D60 BaseClass: NativeClass:/Script/Engine.WorldDataLayers Name:WorldDataLayers Label:WorldDataLayers SpatiallyLoaded:0 Bounds:IsValid=true, Min=(X=0.000 Y=0.000 Z=0.000), Max=(X=0.000 Y=0.000 Z=0.000) RuntimeGrid:None EditorOnly:0 RuntimeOnly:0 HLODRelevant:0 FolderPath:UnrealStartingMapStuff FolderGuid:534B944647FE8877220D61BE1BB72DF6
 |   |   |- [+] [  3]
 |   |   |   |- Guid:7DC5A92D476AF928D5C8089D5F92E190 BaseClass: NativeClass:/Script/Engine.StaticMeshActor Name:StaticMeshActor_UAID_E4A8DFE746A0ADB601_1515169834 Label:SM_Cube5 SpatiallyLoaded:1 Bounds:IsValid=true, Min=(X=1450.000 Y=2500.000 Z=100.000), Max=(X=1550.000 Y=2550.000 Z=200.000) RuntimeGrid:None EditorOnly:0 RuntimeOnly:0 HLODRelevant:1
 |   |   |- [+] [  4]
 |   |   |   |- Guid:937AC86644B465C68CF3E69EA96AC2C9 BaseClass: NativeClass:/Script/Engine.StaticMeshActor Name:StaticMeshActor_UAID_E4A8DFE746A0ADB601_1269017816 Label:SM_Ramp15 SpatiallyLoaded:1 Bounds:IsValid=true, Min=(X=2000.000 Y=2300.000 Z=0.000), Max=(X=2200.000 Y=2400.000 Z=100.000) RuntimeGrid:None EditorOnly:0 RuntimeOnly:0 HLODRelevant:1
 |   |   |- [+] [  5]
 |   |   |   |- Guid:7C3359F64507E848431897A54E10E1A7 BaseClass: NativeClass:/Script/Engine.StaticMeshActor Name:StaticMeshActor_UAID_E4A8DFE746A0ADB601_1330594822 Label:SM_Ramp21 SpatiallyLoaded:1 Bounds:IsValid=true, Min=(X=1500.000 Y=1700.000 Z=0.000), Max=(X=1600.000 Y=1900.000 Z=100.000) RuntimeGrid:None EditorOnly:0 RuntimeOnly:0 HLODRelevant:1
 |   |   |- [+] [  6]
 |   |   |   |- Guid:F8D37993403AAD750F5078A0A0F1033D BaseClass: NativeClass:/Script/Engine.StaticMeshActor Name:StaticMeshActor_UAID_E4A8DFE746A044B801_1168767433 Label:SM_Cube8 SpatiallyLoaded:1 Bounds:IsValid=true, Min=(X=800.000 Y=2000.000 Z=0.000), Max=(X=1000.000 Y=2200.000 Z=100.000) RuntimeGrid:None EditorOnly:0 RuntimeOnly:0 HLODRelevant:1
 |   |   |- [+] [  7]
 |   |   |   |- Guid:876F211344EDFE742936DD8104FD9AC3 BaseClass: NativeClass:/Script/Engine.StaticMeshActor Name:StaticMeshActor_1 Label:SM_Cube SpatiallyLoaded:1 Bounds:IsValid=true, Min=(X=0.000 Y=0.000 Z=-50.000), Max=(X=3000.000 Y=3500.000 Z=0.000) RuntimeGrid:None EditorOnly:0 RuntimeOnly:0 HLODRelevant:1 FolderPath:Playground FolderGuid:C73F09FC4215536B1DCE2A9E0A830C70
 |   |   |- [+] [  8]
 |   |   |   |- Guid:D96540E14375B50692B1B78B2ADBDFA8 BaseClass: NativeClass:/Script/Engine.StaticMeshActor Name:StaticMeshActor_UAID_E4A8DFE746A0ADB601_1272182817 Label:SM_Ramp16 SpatiallyLoaded:1 Bounds:IsValid=true, Min=(X=2000.000 Y=2400.000 Z=0.000), Max=(X=2200.000 Y=2500.000 Z=100.000) RuntimeGrid:None EditorOnly:0 RuntimeOnly:0 HLODRelevant:1
 |   |   |- [+] [  9]
 |   |   |   |- Guid:7300D8F24635F907A2612DA6BE2C3EE8 BaseClass: NativeClass:/Script/Engine.StaticMeshActor Name:StaticMeshActor_UAID_E4A8DFE746A0ADB601_1255756815 Label:SM_Ramp14 SpatiallyLoaded:1 Bounds:IsValid=true, Min=(X=2000.000 Y=2200.000 Z=0.000), Max=(X=2200.000 Y=2300.000 Z=100.000) RuntimeGrid:None EditorOnly:0 RuntimeOnly:0 HLODRelevant:1
 |   |   |- [+] [ 10]
 |   |   |   |- Guid:11983C644D236C6B94908083F3E766C8 BaseClass: NativeClass:/Script/Engine.StaticMeshActor Name:StaticMeshActor_UAID_E4A8DFE746A0ADB601_1224502811 Label:SM_Ramp10 SpatiallyLoaded:1 Bounds:IsValid=true, Min=(X=1600.000 Y=2900.000 Z=0.000), Max=(X=1700.000 Y=3100.000 Z=100.000) RuntimeGrid:None EditorOnly:0 RuntimeOnly:0 HLODRelevant:1
 |   |   |- [+] [ 11]
 |   |   |   |- Guid:8D2BDD05454766C76C2C72B0518E46ED BaseClass: NativeClass:/Script/NavigationSystem.NavMeshBoundsVolume Name:NavMeshBoundsVolume_UAID_106530155DE288AA01_1972561616 Label:NavMeshBoundsVolume SpatiallyLoaded:0 Bounds:IsValid=true, Min=(X=-1555.000 Y=-1200.000 Z=-2950.000), Max=(X=4445.000 Y=4800.000 Z=3050.000) RuntimeGrid:None EditorOnly:0 RuntimeOnly:0 HLODRelevant:0 FolderPath:UnrealStartingMapStuff FolderGuid:534B944647FE8877220D61BE1BB72DF6
 |   |   |- [+] [ 12]
 |   |   |   |- Guid:FD1C5D6E42274354B2CD178DB763A740 BaseClass: NativeClass:/Script/Engine.StaticMeshActor Name:StaticMeshActor_UAID_E4A8DFE746A0ADB601_1145544807 Label:SM_Ramp6 SpatiallyLoaded:1 Bounds:IsValid=true, Min=(X=800.000 Y=2500.000 Z=0.000), Max=(X=1000.000 Y=2600.000 Z=100.000) RuntimeGrid:None EditorOnly:0 RuntimeOnly:0 HLODRelevant:1
 |   |   |- [+] [ 13]
 |   |   |   |- Guid:FBDFEB07472D913A00B5C9A60DCC0201 BaseClass: NativeClass:/Script/Engine.StaticMeshActor Name:StaticMeshActor_UAID_E4A8DFE746A0ACB601_1754499623 Label:SM_Cube2 SpatiallyLoaded:1 Bounds:IsValid=true, Min=(X=1000.000 Y=1900.000 Z=0.000), Max=(X=2000.000 Y=2900.000 Z=100.000) RuntimeGrid:None EditorOnly:0 RuntimeOnly:0 HLODRelevant:1
 |   |   |- [+] [ 14]
 |   |   |   |- Guid:9755BC574597BD846CDB6D9E98564116 BaseClass: NativeClass:/Script/Engine.StaticMeshActor Name:StaticMeshActor_UAID_E4A8DFE746A0ADB601_1473012832 Label:SM_QuarterCylinder4 SpatiallyLoaded:1 Bounds:IsValid=true, Min=(X=1550.000 Y=2250.000 Z=100.000), Max=(X=1600.000 Y=2300.000 Z=200.000) RuntimeGrid:None EditorOnly:0 RuntimeOnly:0 HLODRelevant:1
 |   |   |- [+] [ 15]
 |   |   |   |- Guid:B805909F4A7758A295A452B3064AE7AD BaseClass: NativeClass:/Script/Engine.StaticMeshActor Name:StaticMeshActor_UAID_E4A8DFE746A0ADB601_1229036812 Label:SM_Ramp11 SpatiallyLoaded:1 Bounds:IsValid=true, Min=(X=1300.000 Y=2900.000 Z=0.000), Max=(X=1400.000 Y=3100.000 Z=100.000) RuntimeGrid:None EditorOnly:0 RuntimeOnly:0 HLODRelevant:1
 |   |   |- [+] [ 16]
 |   |   |   |- Guid:4084CC084A0AD3456EB91C8416B9BDDC BaseClass: NativeClass:/Script/Engine.StaticMeshActor Name:StaticMeshActor_UAID_E4A8DFE746A0ADB601_1405565828 Label:SM_QuarterCylinder SpatiallyLoaded:1 Bounds:IsValid=true, Min=(X=1550.000 Y=2500.000 Z=100.000), Max=(X=1600.000 Y=2550.000 Z=200.000) RuntimeGrid:None EditorOnly:0 RuntimeOnly:0 HLODRelevant:1
 |   |   |- [+] [ 17]
 |   |   |   |- Guid:64984CCC464D279D81DF6C91A7BBBE37 BaseClass: NativeClass:/Script/NavigationSystem.RecastNavMesh Name:RecastNavMesh_UAID_106530155DE288AA01-Default Label:RecastNavMesh-Default SpatiallyLoaded:0 Bounds:IsValid=true, Min=(X=0.000 Y=0.000 Z=0.000), Max=(X=0.000 Y=0.000 Z=0.000) RuntimeGrid:None EditorOnly:0 RuntimeOnly:0 HLODRelevant:0 FolderPath:UnrealStartingMapStuff FolderGuid:534B944647FE8877220D61BE1BB72DF6
 |   |   |- [+] [ 18]
 |   |   |   |- Guid:EFC112754E93359BA9364981C5580AAE BaseClass: NativeClass:/Script/Engine.StaticMeshActor Name:StaticMeshActor_UAID_E4A8DFE746A0ADB601_1425202829 Label:SM_QuarterCylinder2 SpatiallyLoaded:1 Bounds:IsValid=true, Min=(X=1400.000 Y=2500.000 Z=100.000), Max=(X=1450.000 Y=2550.000 Z=200.000) RuntimeGrid:None EditorOnly:0 RuntimeOnly:0 HLODRelevant:1
 |   |   |- [+] [ 19]
 |   |   |   |- Guid:825A40C14FE4E63171BD4D85A817B8FF BaseClass: NativeClass:/Script/Engine.StaticMeshActor Name:StaticMeshActor_UAID_E4A8DFE746A0ACB601_2130505627 Label:SM_Ramp3 SpatiallyLoaded:1 Bounds:IsValid=true, Min=(X=800.000 Y=2200.000 Z=0.000), Max=(X=1000.000 Y=2300.000 Z=100.000) RuntimeGrid:None EditorOnly:0 RuntimeOnly:0 HLODRelevant:1
 |   |   |- [+] [ 20]
 |   |   |   |- Guid:7DF2B9F24349B7596D83808247819CBF BaseClass: NativeClass:/Script/Engine.SkyAtmosphere Name:SkyAtmosphere_0 Label:SkyAtmosphere SpatiallyLoaded:0 Bounds:IsValid=true, Min=(X=0.000 Y=0.000 Z=1020.000), Max=(X=0.000 Y=0.000 Z=1020.000) RuntimeGrid:None EditorOnly:0 RuntimeOnly:0 HLODRelevant:0 FolderPath:Lighting FolderGuid:963EC3EB4002CCE9759E2EBA541A873A
 |   |   |- [+] [ 21]
 |   |   |   |- Guid:CE015E2E4FBB83F48B1DD3BC7EF4811B BaseClass: NativeClass:/Script/Engine.StaticMeshActor Name:StaticMeshActor_UAID_E4A8DFE746A0ADB601_1150358808 Label:SM_Ramp7 SpatiallyLoaded:1 Bounds:IsValid=true, Min=(X=900.000 Y=2600.000 Z=0.000), Max=(X=1000.000 Y=2700.000 Z=100.000) RuntimeGrid:None EditorOnly:0 RuntimeOnly:0 HLODRelevant:1
 |   |   |- [+] [ 22]
 |   |   |   |- Guid:4DEC44814FC691C1F061638374B579F9 BaseClass: NativeClass:/Script/Engine.DirectionalLight Name:DirectionalLight_0 Label:DirectionalLight SpatiallyLoaded:0 Bounds:IsValid=true, Min=(X=-4398046511104.000 Y=-4398046511104.000 Z=-4398046511104.000), Max=(X=4398046511104.000 Y=4398046511104.000 Z=4398046511104.000) RuntimeGrid:None EditorOnly:0 RuntimeOnly:0 HLODRelevant:0 FolderPath:Lighting FolderGuid:963EC3EB4002CCE9759E2EBA541A873A
 |   |   |- [+] [ 23]
 |   |   |   |- Guid:E22F161E45070E0F8F1C4384A8260EBF BaseClass: NativeClass:/Script/Engine.StaticMeshActor Name:StaticMeshActor_UAID_E4A8DFE746A0ADB601_1221020810 Label:SM_Ramp9 SpatiallyLoaded:1 Bounds:IsValid=true, Min=(X=1500.000 Y=2900.000 Z=0.000), Max=(X=1600.000 Y=3100.000 Z=100.000) RuntimeGrid:None EditorOnly:0 RuntimeOnly:0 HLODRelevant:1
 |   |   |- [+] [ 24]
 |   |   |   |- Guid:78473FAC473E0FBAD730B7A4F058B083 BaseClass: NativeClass:/Script/Engine.VolumetricCloud Name:VolumetricCloud_0 Label:VolumetricCloud SpatiallyLoaded:0 Bounds:IsValid=true, Min=(X=0.000 Y=0.000 Z=820.000), Max=(X=0.000 Y=0.000 Z=820.000) RuntimeGrid:None EditorOnly:0 RuntimeOnly:0 HLODRelevant:0 FolderPath:Lighting FolderGuid:963EC3EB4002CCE9759E2EBA541A873A
 |   |   |- [+] [ 25]
 |   |   |   |- Guid:9CA48E7E4ECA5BF090EE93B3198AA584 BaseClass: NativeClass:/Script/Engine.StaticMeshActor Name:StaticMeshActor_UAID_E4A8DFE746A0ADB601_1345898825 Label:SM_Ramp24 SpatiallyLoaded:1 Bounds:IsValid=true, Min=(X=1700.000 Y=1700.000 Z=0.000), Max=(X=1800.000 Y=1900.000 Z=100.000) RuntimeGrid:None EditorOnly:0 RuntimeOnly:0 HLODRelevant:1
 |   |   |- [+] [ 26]
 |   |   |   |- Guid:7E403DDB415361B437F4BF9E236E4573 BaseClass: NativeClass:/Script/Engine.StaticMeshActor Name:StaticMeshActor_UAID_E4A8DFE746A0ADB601_1248333814 Label:SM_Ramp13 SpatiallyLoaded:1 Bounds:IsValid=true, Min=(X=1700.000 Y=2900.000 Z=0.000), Max=(X=1800.000 Y=3100.000 Z=100.000) RuntimeGrid:None EditorOnly:0 RuntimeOnly:0 HLODRelevant:1
 |   |   |- [+] [ 27]
 |   |   |   |- Guid:141CFEB64CEB05B5F9A5C4826BD44C67 BaseClass: NativeClass:/Script/Engine.StaticMeshActor Name:StaticMeshActor_UAID_E4A8DFE746A0ADB601_1461189831 Label:SM_QuarterCylinder3 SpatiallyLoaded:1 Bounds:IsValid=true, Min=(X=1400.000 Y=2250.000 Z=100.000), Max=(X=1450.000 Y=2300.000 Z=200.000) RuntimeGrid:None EditorOnly:0 RuntimeOnly:0 HLODRelevant:1
 |   |   |- [+] [ 28]
 |   |   |   |- Guid:290781F942FDDA790304B5B163E824BD BaseClass: NativeClass:/Script/Engine.StaticMeshActor Name:StaticMeshActor_UAID_E4A8DFE746A0ADB601_1275238818 Label:SM_Ramp17 SpatiallyLoaded:1 Bounds:IsValid=true, Min=(X=2000.000 Y=2500.000 Z=0.000), Max=(X=2200.000 Y=2600.000 Z=100.000) RuntimeGrid:None EditorOnly:0 RuntimeOnly:0 HLODRelevant:1
 |   |   |- [+] [ 29]
 |   |   |   |- Guid:C9F208644AF1AB67235959878956E0AA BaseClass: NativeClass:/Script/Engine.PlayerStart Name:PlayerStart_0 Label:PlayerStart SpatiallyLoaded:0 Bounds:IsValid=true, Min=(X=860.000 Y=1070.000 Z=0.013), Max=(X=940.000 Y=1150.000 Z=184.013) RuntimeGrid:None EditorOnly:0 RuntimeOnly:0 HLODRelevant:0 FolderPath:UnrealStartingMapStuff FolderGuid:534B944647FE8877220D61BE1BB72DF6
 |   |   |- [+] [ 30]
 |   |   |   |- Guid:29BF448B4EC0C618B304C7B7C9560AA6 BaseClass: NativeClass:/Script/Engine.StaticMeshActor Name:StaticMeshActor_UAID_E4A8DFE746A0ADB601_1340110824 Label:SM_Ramp23 SpatiallyLoaded:1 Bounds:IsValid=true, Min=(X=1600.000 Y=1700.000 Z=0.000), Max=(X=1700.000 Y=1900.000 Z=100.000) RuntimeGrid:None EditorOnly:0 RuntimeOnly:0 HLODRelevant:1
 |   |   |- [+] [ 31]
 |   |   |   |- Guid:A3594E1E44FA183EDD0FD1BD2E5DDF06 BaseClass: NativeClass:/Script/Engine.PostProcessVolume Name:PostProcessVolume_0 Label:PostProcessVolume SpatiallyLoaded:0 Bounds:IsValid=true, Min=(X=0.000 Y=0.000 Z=400.000), Max=(X=200.000 Y=200.000 Z=600.000) RuntimeGrid:None EditorOnly:0 RuntimeOnly:0 HLODRelevant:0 FolderPath:Lighting FolderGuid:963EC3EB4002CCE9759E2EBA541A873A
 |   |   |- [+] [ 32]
 |   |   |   |- Guid:D62D151543A368FEA81FCEBA63D3369B BaseClass: NativeClass:/Script/Engine.StaticMeshActor Name:StaticMeshActor_UAID_E4A8DFE746A0ADB601_1303747820 Label:SM_Ramp19 SpatiallyLoaded:1 Bounds:IsValid=true, Min=(X=2000.000 Y=2600.000 Z=0.000), Max=(X=2200.000 Y=2700.000 Z=100.000) RuntimeGrid:None EditorOnly:0 RuntimeOnly:0 HLODRelevant:1
 |   |   |- [+] [ 33]
 |   |   |   |- Guid:7A68770C4C474FD24069E193FC5338E6 BaseClass: NativeClass:/Script/Engine.StaticMeshActor Name:StaticMeshActor_UAID_E4A8DFE746A0ADB601_1312897821 Label:SM_Ramp20 SpatiallyLoaded:1 Bounds:IsValid=true, Min=(X=1400.000 Y=1700.000 Z=0.000), Max=(X=1500.000 Y=1900.000 Z=100.000) RuntimeGrid:None EditorOnly:0 RuntimeOnly:0 HLODRelevant:1
 |   |   |- [+] [ 34]
 |   |   |   |- Guid:1273C7724F150D8B49742DB12CF6FB64 BaseClass: NativeClass:/Script/Engine.StaticMeshActor Name:StaticMeshActor_UAID_E4A8DFE746A0ADB601_1129542805 Label:SM_Ramp4 SpatiallyLoaded:1 Bounds:IsValid=true, Min=(X=800.000 Y=2300.000 Z=0.000), Max=(X=1000.000 Y=2400.000 Z=100.000) RuntimeGrid:None EditorOnly:0 RuntimeOnly:0 HLODRelevant:1
 |   |   |- [+] [ 35]
 |   |   |   |- Guid:9949E017466F35A7C816D088D592AA43 BaseClass: NativeClass:/Script/Engine.StaticMeshActor Name:StaticMeshActor_UAID_E4A8DFE746A0ADB601_1373780827 Label:SM_Cube3 SpatiallyLoaded:1 Bounds:IsValid=true, Min=(X=1400.000 Y=2300.000 Z=100.000), Max=(X=1600.000 Y=2500.000 Z=200.000) RuntimeGrid:None EditorOnly:0 RuntimeOnly:0 HLODRelevant:1
 |   |   |- [+] [ 36]
 |   |   |   |- Guid:7DD4745F497983A5A5B26AA723ADC50C BaseClass: NativeClass:/Script/Engine.StaticMeshActor Name:StaticMeshActor_UAID_E4A8DFE746A0ADB601_1234765813 Label:SM_Ramp12 SpatiallyLoaded:1 Bounds:IsValid=true, Min=(X=1200.000 Y=2900.000 Z=0.000), Max=(X=1300.000 Y=3100.000 Z=100.000) RuntimeGrid:None EditorOnly:0 RuntimeOnly:0 HLODRelevant:1
 |   |   |- [+] [ 37]
 |   |   |   |- Guid:BD65C4354DF4051FB966F5925673E68E BaseClass: NativeClass:/Script/Engine.StaticMeshActor Name:StaticMeshActor_UAID_E4A8DFE746A0ADB601_1348815826 Label:SM_Ramp25 SpatiallyLoaded:1 Bounds:IsValid=true, Min=(X=1200.000 Y=1700.000 Z=0.000), Max=(X=1300.000 Y=1900.000 Z=100.000) RuntimeGrid:None EditorOnly:0 RuntimeOnly:0 HLODRelevant:1
 |   |   |- [+] [ 38]
 |   |   |   |- Guid:C6B5725C45B298752405459E1A21DB51 BaseClass: NativeClass:/Script/Engine.StaticMeshActor Name:StaticMeshActor_UAID_A4AE111137DC5EFB00_1110535423 Label:SM_SkySphere SpatiallyLoaded:0 Bounds:IsValid=true, Min=(X=-1638400.000 Y=-1638400.000 Z=-1638400.000), Max=(X=1638400.000 Y=1638400.000 Z=1638400.000) RuntimeGrid:None EditorOnly:0 RuntimeOnly:0 HLODRelevant:1 FolderPath:Lighting FolderGuid:963EC3EB4002CCE9759E2EBA541A873A
 |   |   |- [+] [ 39]
 |   |   |   |- Guid:D3AAD7F6408D6C97E0D8F69BD006BBEF BaseClass: NativeClass:/Script/Engine.StaticMeshActor Name:StaticMeshActor_UAID_E4A8DFE746A0ADB601_1204296809 Label:SM_Ramp8 SpatiallyLoaded:1 Bounds:IsValid=true, Min=(X=1400.000 Y=2900.000 Z=0.000), Max=(X=1500.000 Y=3100.000 Z=100.000) RuntimeGrid:None EditorOnly:0 RuntimeOnly:0 HLODRelevant:1
 |   |   |- [+] [ 40]
 |   |   |   |- Guid:9D06F71847F7B47B3767FB89F6736879 BaseClass: NativeClass:/Script/Engine.StaticMeshActor Name:StaticMeshActor_UAID_E4A8DFE746A0ADB601_1141457806 Label:SM_Ramp5 SpatiallyLoaded:1 Bounds:IsValid=true, Min=(X=800.000 Y=2400.000 Z=0.000), Max=(X=1000.000 Y=2500.000 Z=100.000) RuntimeGrid:None EditorOnly:0 RuntimeOnly:0 HLODRelevant:1
 |   |   |- [+] [ 41]
 |   |   |   |- Guid:93823D25440012BB2C3FCBB9A4E9F641 BaseClass: NativeClass:/Script/Engine.SkyLight Name:SkyLight_1 Label:SkyLight SpatiallyLoaded:0 Bounds:IsValid=true, Min=(X=0.000 Y=0.000 Z=690.000), Max=(X=0.000 Y=0.000 Z=690.000) RuntimeGrid:None EditorOnly:0 RuntimeOnly:0 HLODRelevant:0 FolderPath:Lighting FolderGuid:963EC3EB4002CCE9759E2EBA541A873A
 |   |   |- [+] [ 42]
 |   |   |   |- Guid:6862B15A47C1558EFF536E9FE21AF468 BaseClass: NativeClass:/Script/Engine.StaticMeshActor Name:StaticMeshActor_UAID_E4A8DFE746A0ADB601_1285142819 Label:SM_Ramp18 SpatiallyLoaded:1 Bounds:IsValid=true, Min=(X=2000.000 Y=2100.000 Z=0.000), Max=(X=2200.000 Y=2200.000 Z=100.000) RuntimeGrid:None EditorOnly:0 RuntimeOnly:0 HLODRelevant:1
 |   |   |- [+] [ 43]
 |   |   |   |- Guid:C6AD36EB4A504870D35FA4BF41EAE353 BaseClass: NativeClass:/Script/Engine.StaticMeshActor Name:StaticMeshActor_UAID_E4A8DFE746A0ADB601_1487671833 Label:SM_Cube4 SpatiallyLoaded:1 Bounds:IsValid=true, Min=(X=1450.000 Y=2250.000 Z=100.000), Max=(X=1550.000 Y=2300.000 Z=200.000) RuntimeGrid:None EditorOnly:0 RuntimeOnly:0 HLODRelevant:1
 |   |   |- [+] [ 44]
 |   |   |   |- Guid:C167272B4427A5F2FD7FC2B4C95404E5 BaseClass: NativeClass:/Script/Engine.ExponentialHeightFog Name:ExponentialHeightFog_0 Label:ExponentialHeightFog SpatiallyLoaded:0 Bounds:IsValid=true, Min=(X=-5600.000 Y=-50.000 Z=-6850.000), Max=(X=-5600.000 Y=-50.000 Z=-6850.000) RuntimeGrid:None EditorOnly:0 RuntimeOnly:0 HLODRelevant:0 FolderPath:Lighting FolderGuid:963EC3EB4002CCE9759E2EBA541A873A
 |   |   |- [+] [ 45]
 |   |   |   |- Guid:74B3A4264255A488406BDCB6D568BB79 BaseClass: NativeClass:/Script/Engine.StaticMeshActor Name:StaticMeshActor_UAID_E4A8DFE746A043B801_2111208255 Label:SM_Cube6 SpatiallyLoaded:1 Bounds:IsValid=true, Min=(X=500.000 Y=1100.000 Z=0.000), Max=(X=1000.000 Y=2000.000 Z=100.000) RuntimeGrid:None EditorOnly:0 RuntimeOnly:0 HLODRelevant:1
 |   |   |- [+] [ 46]
 |   |   |   |- Guid:C3665D3D4EF59AC31022EBABC9DAC3D9 BaseClass: NativeClass:/Script/Engine.StaticMeshActor Name:StaticMeshActor_UAID_E4A8DFE746A044B801_1144660432 Label:SM_Cube7 SpatiallyLoaded:1 Bounds:IsValid=true, Min=(X=1000.000 Y=1600.000 Z=0.000), Max=(X=1100.000 Y=1900.000 Z=100.000) RuntimeGrid:None EditorOnly:0 RuntimeOnly:0 HLODRelevant:1
 |   |   |- [+] [ 47]
 |   |   |   |- Guid:96ABB62D4CD969E8D0FEBB9DB6654338 BaseClass: NativeClass:/Script/Engine.StaticMeshActor Name:StaticMeshActor_UAID_E4A8DFE746A044B801_1192255434 Label:SM_Ramp26 SpatiallyLoaded:1 Bounds:IsValid=true, Min=(X=700.000 Y=2000.000 Z=0.000), Max=(X=800.000 Y=2200.000 Z=100.000) RuntimeGrid:None EditorOnly:0 RuntimeOnly:0 HLODRelevant:1
 |   |   |- [+] [ 48]
 |   |   |   |- Guid:E4C7FA934FD3AAACF3C3CB9699003E07 BaseClass: NativeClass:/Script/Engine.StaticMeshActor Name:StaticMeshActor_UAID_E4A8DFE746A044B801_1211649435 Label:SM_Ramp27 SpatiallyLoaded:1 Bounds:IsValid=true, Min=(X=600.000 Y=2000.000 Z=0.000), Max=(X=700.000 Y=2200.000 Z=100.000) RuntimeGrid:None EditorOnly:0 RuntimeOnly:0 HLODRelevant:1
 |   |   |- [+] [ 49]
 |   |   |   |- Guid:A86C7D124F052B182F73118E80332825 BaseClass: NativeClass:/Script/Engine.StaticMeshActor Name:StaticMeshActor_UAID_E4A8DFE746A044B801_1216922436 Label:SM_Ramp28 SpatiallyLoaded:1 Bounds:IsValid=true, Min=(X=500.000 Y=2000.000 Z=0.000), Max=(X=600.000 Y=2200.000 Z=100.000) RuntimeGrid:None EditorOnly:0 RuntimeOnly:0 HLODRelevant:1
 |   |   |- [+] [ 50]
 |   |   |   |- Guid:C41B2ADC46809728D455808693D9DA5B BaseClass: NativeClass:/Script/Engine.StaticMeshActor Name:StaticMeshActor_UAID_E4A8DFE746A044B801_1319138437 Label:SM_Ramp SpatiallyLoaded:1 Bounds:IsValid=true, Min=(X=200.000 Y=1400.000 Z=0.000), Max=(X=500.000 Y=1900.000 Z=100.000) RuntimeGrid:None EditorOnly:0 RuntimeOnly:0 HLODRelevant:1
 |   |   |- [+] [ 51]
 |   |   |   |- Guid:DBE85F4743CA8A9EF6DBC1A1B57E16C2 BaseClass: NativeClass:/Script/Engine.StaticMeshActor Name:StaticMeshActor_UAID_E4A8DFE746A044B801_1397256438 Label:SM_QuarterCylinder5 SpatiallyLoaded:1 Bounds:IsValid=true, Min=(X=450.000 Y=1900.000 Z=0.000), Max=(X=500.000 Y=2000.000 Z=100.000) RuntimeGrid:None EditorOnly:0 RuntimeOnly:0 HLODRelevant:1
 |   |   |- [+] [ 52]
 |   |   |   |- Guid:B010DDBC4264E6B3810D43AD7E974D1A BaseClass: NativeClass:/Script/Engine.StaticMeshActor Name:StaticMeshActor_UAID_E4A8DFE746A044B801_1451680439 Label:SM_QuarterCylinder6 SpatiallyLoaded:1 Bounds:IsValid=true, Min=(X=400.000 Y=1200.000 Z=0.000), Max=(X=500.000 Y=1300.000 Z=100.000) RuntimeGrid:None EditorOnly:0 RuntimeOnly:0 HLODRelevant:1
 |   |   |- [+] [ 53]
 |   |   |   |- Guid:A1A85CF743D63D5BF8AE96A35B249903 BaseClass: NativeClass:/Script/Engine.StaticMeshActor Name:StaticMeshActor_UAID_E4A8DFE746A044B801_1488412440 Label:SM_Cube9 SpatiallyLoaded:1 Bounds:IsValid=true, Min=(X=400.000 Y=1300.000 Z=0.000), Max=(X=500.000 Y=1400.000 Z=100.000) RuntimeGrid:None EditorOnly:0 RuntimeOnly:0 HLODRelevant:1
 |   |   |- [+] [ 54]
 |   |   |   |- Guid:944AC08349042BB91594279B9345EE09 BaseClass: NativeClass:/Script/Engine.StaticMeshActor Name:StaticMeshActor_UAID_E4A8DFE746A044B801_1508376441 Label:SM_Ramp2 SpatiallyLoaded:1 Bounds:IsValid=true, Min=(X=1100.000 Y=1600.000 Z=0.000), Max=(X=1200.000 Y=1900.000 Z=100.000) RuntimeGrid:None EditorOnly:0 RuntimeOnly:0 HLODRelevant:1
 |   |   |- [+] [ 55]
 |   |   |   |- Guid:5224609C4192EAEAE1A7E7B30500AE84 BaseClass: NativeClass:/Script/Engine.StaticMeshActor Name:StaticMeshActor_UAID_E4A8DFE746A044B801_1527395442 Label:SM_Ramp29 SpatiallyLoaded:1 Bounds:IsValid=true, Min=(X=1000.000 Y=1300.000 Z=-0.000), Max=(X=1100.000 Y=1600.000 Z=100.000) RuntimeGrid:None EditorOnly:0 RuntimeOnly:0 HLODRelevant:1
 |   |   |- [+] [ 56]
 |   |   |   |- Guid:F9960F5A4DFF9DAB499AB8832F0E6FF9 BaseClass: NativeClass:/Script/Engine.StaticMeshActor Name:StaticMeshActor_UAID_E4A8DFE746A044B801_1550608443 Label:SM_Cube10 SpatiallyLoaded:1 Bounds:IsValid=true, Min=(X=700.000 Y=1700.000 Z=100.000), Max=(X=800.000 Y=2200.000 Z=200.000) RuntimeGrid:None EditorOnly:0 RuntimeOnly:0 HLODRelevant:1
 |   |   |- [+] [ 57]
 |   |   |   |- Guid:10D5902E4804A08D56BBD0BCA16C860B BaseClass: NativeClass:/Script/Engine.StaticMeshActor Name:StaticMeshActor_UAID_E4A8DFE746A044B801_1998041453 Label:SM_Ramp34 SpatiallyLoaded:1 Bounds:IsValid=true, Min=(X=600.000 Y=1100.000 Z=100.000), Max=(X=900.000 Y=1400.000 Z=300.000) RuntimeGrid:None EditorOnly:0 RuntimeOnly:0 HLODRelevant:1
 |   |   |- [+] [ 58]
 |   |   |   |- Guid:787CFDD24B7DD7D38235AFA2F55DE3B4 BaseClass: NativeClass:/Script/Engine.StaticMeshActor Name:StaticMeshActor_UAID_E4A8DFE746A044B801_1907476452 Label:SM_Cube11 SpatiallyLoaded:1 Bounds:IsValid=true, Min=(X=500.000 Y=200.000 Z=0.000), Max=(X=1000.000 Y=700.000 Z=100.000) RuntimeGrid:None EditorOnly:0 RuntimeOnly:0 HLODRelevant:1
 |   |   |- [+] [ 59]
 |   |   |   |- Guid:A5662E1241697A555A92EA8BD64AE4A5 BaseClass: NativeClass:/Script/Engine.StaticMeshActor Name:StaticMeshActor_UAID_E4A8DFE746A044B801_1652050446 Label:SM_QuarterCylinder9 SpatiallyLoaded:1 Bounds:IsValid=true, Min=(X=700.000 Y=1800.000 Z=100.000), Max=(X=750.000 Y=1850.000 Z=200.000) RuntimeGrid:None EditorOnly:0 RuntimeOnly:0 HLODRelevant:1
 |   |   |- [+] [ 60]
 |   |   |   |- Guid:2E7BC0BB4786D459538780801EBA9AC7 BaseClass: NativeClass:/Script/Engine.StaticMeshActor Name:StaticMeshActor_UAID_E4A8DFE746A044B801_1652053447 Label:SM_QuarterCylinder10 SpatiallyLoaded:1 Bounds:IsValid=true, Min=(X=750.000 Y=1800.000 Z=100.000), Max=(X=800.000 Y=1850.000 Z=200.000) RuntimeGrid:None EditorOnly:0 RuntimeOnly:0 HLODRelevant:1
 |   |   |- [+] [ 61]
 |   |   |   |- Guid:6C4DCD3046DB8AF9AC4CFDA6DE6B240B BaseClass: NativeClass:/Script/Engine.StaticMeshActor Name:StaticMeshActor_UAID_E4A8DFE746A044B801_1697164448 Label:SM_Ramp30 SpatiallyLoaded:1 Bounds:IsValid=true, Min=(X=600.000 Y=1800.000 Z=100.000), Max=(X=700.000 Y=1900.000 Z=200.000) RuntimeGrid:None EditorOnly:0 RuntimeOnly:0 HLODRelevant:1
 |   |   |- [+] [ 62]
 |   |   |   |- Guid:D3A97CEE4BC1A4C4E94220A11F3030D9 BaseClass: NativeClass:/Script/Engine.StaticMeshActor Name:StaticMeshActor_UAID_E4A8DFE746A044B801_1707839449 Label:SM_Ramp31 SpatiallyLoaded:1 Bounds:IsValid=true, Min=(X=600.000 Y=1700.000 Z=100.000), Max=(X=700.000 Y=1800.000 Z=200.000) RuntimeGrid:None EditorOnly:0 RuntimeOnly:0 HLODRelevant:1
 |   |   |- [+] [ 63]
 |   |   |   |- Guid:3887AEA74FE4F7DDF2BA84B54FAF11BC BaseClass: NativeClass:/Script/Engine.StaticMeshActor Name:StaticMeshActor_UAID_E4A8DFE746A044B801_1821657450 Label:SM_Ramp32 SpatiallyLoaded:1 Bounds:IsValid=true, Min=(X=1800.000 Y=1100.000 Z=-0.000), Max=(X=2300.000 Y=1600.000 Z=100.000) RuntimeGrid:None EditorOnly:0 RuntimeOnly:0 HLODRelevant:1
 |   |   |- [+] [ 64]
 |   |   |   |- Guid:12FBC3F04CFD954073EC0CACE3C7F305 BaseClass: NativeClass:/Script/Engine.StaticMeshActor Name:StaticMeshActor_UAID_E4A8DFE746A044B801_1853373451 Label:SM_Ramp33 SpatiallyLoaded:1 Bounds:IsValid=true, Min=(X=1800.000 Y=600.000 Z=0.000), Max=(X=2300.000 Y=1100.000 Z=100.000) RuntimeGrid:None EditorOnly:0 RuntimeOnly:0 HLODRelevant:1
 |   |   |- [+] [ 65]
 |   |   |   |- Guid:748EA66C4B1F90209FB1D6A31DAE4772 BaseClass: NativeClass:/Script/Engine.StaticMeshActor Name:StaticMeshActor_UAID_E4A8DFE746A044B801_2057666454 Label:SM_Cube12 SpatiallyLoaded:1 Bounds:IsValid=true, Min=(X=600.000 Y=700.000 Z=200.000), Max=(X=900.000 Y=1100.000 Z=300.000) RuntimeGrid:None EditorOnly:0 RuntimeOnly:0 HLODRelevant:1
 |   |   |- [+] [ 66]
 |   |   |   |- Guid:EDD953E8440E15F9D13C53B3B3197C3F BaseClass: NativeClass:/Script/Engine.StaticMeshActor Name:StaticMeshActor_UAID_E4A8DFE746A044B801_2117467455 Label:SM_Ramp35 SpatiallyLoaded:1 Bounds:IsValid=true, Min=(X=600.000 Y=400.000 Z=100.000), Max=(X=900.000 Y=700.000 Z=300.000) RuntimeGrid:None EditorOnly:0 RuntimeOnly:0 HLODRelevant:1
 |- ContainerInstances:
 |- [+] MainContainer:
 |   |-        ID: 0x0000000000000000
 |   |-    Bounds: IsValid=false, Min=(X=0.000 Y=0.000 Z=0.000), Max=(X=0.000 Y=0.000 Z=0.000)
 |   |- Transform: 0.000000,0.000000,0.000000|0.000000,0.000000,-0.000000|1.000000,1.000000,1.000000
 |   |- Container: /Game/ThirdPerson/Maps/BattleMap
----------------------------------------------------------------------------------------------------------------
BattleMap - Persistent Level
----------------------------------------------------------------------------------------------------------------
Always loaded Actor Count: 89 

----------------------------------------------------------------------------------------------------------------
BattleMap - Runtime Spatial Hash - Streaming Grid - MainGrid
----------------------------------------------------------------------------------------------------------------
            Origin: X=0.000 Y=0.000 Z=0.000
         Cell Size: 12800
      World Bounds: IsValid=false, Min=(X=0.000 Y=0.000 Z=0.000), Max=(X=0.000 Y=0.000 Z=0.000)
     Loading Range: 25600.00
Block Slow Loading: No
 ClientOnlyVisible: No

[+] Grid Levels: 1
 |- Level  0: Cell Count    0 | Cell Size   12800 | Actor Count    0 (0.0%)

[+] Content of Grid Level 0

